<?xml version="1.0" encoding="UTF-8"?>
<testsuite name="com.poc.apistyles.arch.NamingConventionTest" tests="6" skipped="0" failures="3" errors="0" timestamp="2026-02-18T13:49:52" hostname="x86-Labs" time="0.009">
  <properties/>
  <testcase name="domainModelClassesShouldBeNamedWithDomainTerm()" classname="com.poc.apistyles.arch.NamingConventionTest" time="0.002"/>
  <testcase name="repositoryInterfacesShouldEndWithRepository()" classname="com.poc.apistyles.arch.NamingConventionTest" time="0.001"/>
  <testcase name="adapterClassesShouldBeNamedWithAdapterTerm()" classname="com.poc.apistyles.arch.NamingConventionTest" time="0.002">
    <failure message="java.lang.AssertionError: Architecture Violation [Priority: MEDIUM] - Rule 'classes that reside in a package 'com.poc.apistyles.adapter..' and are not interfaces should have simple name ending with 'Adapter' or should have simple name ending with 'Controller' or should have simple name ending with 'Resolver'' was violated (31 times):&#10;Class &lt;com.poc.apistyles.adapter.graphql.ApiApplication&gt; does not have simple name ending with 'Adapter' in (ApiApplication.java:0) and Class &lt;com.poc.apistyles.adapter.graphql.ApiApplication&gt; does not have simple name ending with 'Controller' in (ApiApplication.java:0) and Class &lt;com.poc.apistyles.adapter.graphql.ApiApplication&gt; does not have simple name ending with 'Resolver' in (ApiApplication.java:0)&#10;Class &lt;com.poc.apistyles.adapter.graphql.config.GraphQlConfig&gt; does not have simple name ending with 'Adapter' in (GraphQlConfig.java:0) and Class &lt;com.poc.apistyles.adapter.graphql.config.GraphQlConfig&gt; does not have simple name ending with 'Controller' in (GraphQlConfig.java:0) and Class &lt;com.poc.apistyles.adapter.graphql.config.GraphQlConfig&gt; does not have simple name ending with 'Resolver' in (GraphQlConfig.java:0)&#10;Class &lt;com.poc.apistyles.adapter.graphql.resolver.CustomerResolver$CustomerInput&gt; does not have simple name ending with 'Adapter' in (CustomerResolver.java:0) and Class &lt;com.poc.apistyles.adapter.graphql.resolver.CustomerResolver$CustomerInput&gt; does not have simple name ending with 'Controller' in (CustomerResolver.java:0) and Class &lt;com.poc.apistyles.adapter.graphql.resolver.CustomerResolver$CustomerInput&gt; does not have simple name ending with 'Resolver' in (CustomerResolver.java:0)&#10;Class &lt;com.poc.apistyles.adapter.graphql.resolver.DashboardResolver$CustomerData&gt; does not have simple name ending with 'Adapter' in (DashboardResolver.java:0) and Class &lt;com.poc.apistyles.adapter.graphql.resolver.DashboardResolver$CustomerData&gt; does not have simple name ending with 'Controller' in (DashboardResolver.java:0) and Class &lt;com.poc.apistyles.adapter.graphql.resolver.DashboardResolver$CustomerData&gt; does not have simple name ending with 'Resolver' in (DashboardResolver.java:0)&#10;Class &lt;com.poc.apistyles.adapter.graphql.resolver.DashboardResolver$Dashboard&gt; does not have simple name ending with 'Adapter' in (DashboardResolver.java:0) and Class &lt;com.poc.apistyles.adapter.graphql.resolver.DashboardResolver$Dashboard&gt; does not have simple name ending with 'Controller' in (DashboardResolver.java:0) and Class &lt;com.poc.apistyles.adapter.graphql.resolver.DashboardResolver$Dashboard&gt; does not have simple name ending with 'Resolver' in (DashboardResolver.java:0)&#10;Class &lt;com.poc.apistyles.adapter.graphql.resolver.DashboardResolver$OrderData&gt; does not have simple name ending with 'Adapter' in (DashboardResolver.java:0) and Class &lt;com.poc.apistyles.adapter.graphql.resolver.DashboardResolver$OrderData&gt; does not have simple name ending with 'Controller' in (DashboardResolver.java:0) and Class &lt;com.poc.apistyles.adapter.graphql.resolver.DashboardResolver$OrderData&gt; does not have simple name ending with 'Resolver' in (DashboardResolver.java:0)&#10;Class &lt;com.poc.apistyles.adapter.graphql.resolver.DashboardResolver$ProductData&gt; does not have simple name ending with 'Adapter' in (DashboardResolver.java:0) and Class &lt;com.poc.apistyles.adapter.graphql.resolver.DashboardResolver$ProductData&gt; does not have simple name ending with 'Controller' in (DashboardResolver.java:0) and Class &lt;com.poc.apistyles.adapter.graphql.resolver.DashboardResolver$ProductData&gt; does not have simple name ending with 'Resolver' in (DashboardResolver.java:0)&#10;Class &lt;com.poc.apistyles.adapter.graphql.resolver.OrderResolver$1&gt; does not have simple name ending with 'Adapter' in (OrderResolver.java:0) and Class &lt;com.poc.apistyles.adapter.graphql.resolver.OrderResolver$1&gt; does not have simple name ending with 'Controller' in (OrderResolver.java:0) and Class &lt;com.poc.apistyles.adapter.graphql.resolver.OrderResolver$1&gt; does not have simple name ending with 'Resolver' in (OrderResolver.java:0)&#10;Class &lt;com.poc.apistyles.adapter.graphql.resolver.OrderResolver$OrderInput&gt; does not have simple name ending with 'Adapter' in (OrderResolver.java:0) and Class &lt;com.poc.apistyles.adapter.graphql.resolver.OrderResolver$OrderInput&gt; does not have simple name ending with 'Controller' in (OrderResolver.java:0) and Class &lt;com.poc.apistyles.adapter.graphql.resolver.OrderResolver$OrderInput&gt; does not have simple name ending with 'Resolver' in (OrderResolver.java:0)&#10;Class &lt;com.poc.apistyles.adapter.graphql.resolver.OrderResolver$OrderItemInput&gt; does not have simple name ending with 'Adapter' in (OrderResolver.java:0) and Class &lt;com.poc.apistyles.adapter.graphql.resolver.OrderResolver$OrderItemInput&gt; does not have simple name ending with 'Controller' in (OrderResolver.java:0) and Class &lt;com.poc.apistyles.adapter.graphql.resolver.OrderResolver$OrderItemInput&gt; does not have simple name ending with 'Resolver' in (OrderResolver.java:0)&#10;Class &lt;com.poc.apistyles.adapter.rest.ApiApplication&gt; does not have simple name ending with 'Adapter' in (ApiApplication.java:0) and Class &lt;com.poc.apistyles.adapter.rest.ApiApplication&gt; does not have simple name ending with 'Controller' in (ApiApplication.java:0) and Class &lt;com.poc.apistyles.adapter.rest.ApiApplication&gt; does not have simple name ending with 'Resolver' in (ApiApplication.java:0)&#10;Class &lt;com.poc.apistyles.adapter.rest.config.OpenApiConfig&gt; does not have simple name ending with 'Adapter' in (OpenApiConfig.java:0) and Class &lt;com.poc.apistyles.adapter.rest.config.OpenApiConfig&gt; does not have simple name ending with 'Controller' in (OpenApiConfig.java:0) and Class &lt;com.poc.apistyles.adapter.rest.config.OpenApiConfig&gt; does not have simple name ending with 'Resolver' in (OpenApiConfig.java:0)&#10;Class &lt;com.poc.apistyles.adapter.rest.config.WebConfig&gt; does not have simple name ending with 'Adapter' in (WebConfig.java:0) and Class &lt;com.poc.apistyles.adapter.rest.config.WebConfig&gt; does not have simple name ending with 'Controller' in (WebConfig.java:0) and Class &lt;com.poc.apistyles.adapter.rest.config.WebConfig&gt; does not have simple name ending with 'Resolver' in (WebConfig.java:0)&#10;Class &lt;com.poc.apistyles.adapter.rest.controller.OrderController$1&gt; does not have simple name ending with 'Adapter' in (OrderController.java:0) and Class &lt;com.poc.apistyles.adapter.rest.controller.OrderController$1&gt; does not have simple name ending with 'Controller' in (OrderController.java:0) and Class &lt;com.poc.apistyles.adapter.rest.controller.OrderController$1&gt; does not have simple name ending with 'Resolver' in (OrderController.java:0)&#10;Class &lt;com.poc.apistyles.adapter.rest.dto.CustomerRequest&gt; does not have simple name ending with 'Adapter' in (CustomerRequest.java:0) and Class &lt;com.poc.apistyles.adapter.rest.dto.CustomerRequest&gt; does not have simple name ending with 'Controller' in (CustomerRequest.java:0) and Class &lt;com.poc.apistyles.adapter.rest.dto.CustomerRequest&gt; does not have simple name ending with 'Resolver' in (CustomerRequest.java:0)&#10;Class &lt;com.poc.apistyles.adapter.rest.dto.CustomerResponse&gt; does not have simple name ending with 'Adapter' in (CustomerResponse.java:0) and Class &lt;com.poc.apistyles.adapter.rest.dto.CustomerResponse&gt; does not have simple name ending with 'Controller' in (CustomerResponse.java:0) and Class &lt;com.poc.apistyles.adapter.rest.dto.CustomerResponse&gt; does not have simple name ending with 'Resolver' in (CustomerResponse.java:0)&#10;Class &lt;com.poc.apistyles.adapter.rest.dto.DashboardResponse&gt; does not have simple name ending with 'Adapter' in (DashboardResponse.java:0) and Class &lt;com.poc.apistyles.adapter.rest.dto.DashboardResponse&gt; does not have simple name ending with 'Controller' in (DashboardResponse.java:0) and Class &lt;com.poc.apistyles.adapter.rest.dto.DashboardResponse&gt; does not have simple name ending with 'Resolver' in (DashboardResponse.java:0)&#10;Class &lt;com.poc.apistyles.adapter.rest.dto.OrderItemRequest&gt; does not have simple name ending with 'Adapter' in (OrderItemRequest.java:0) and Class &lt;com.poc.apistyles.adapter.rest.dto.OrderItemRequest&gt; does not have simple name ending with 'Controller' in (OrderItemRequest.java:0) and Class &lt;com.poc.apistyles.adapter.rest.dto.OrderItemRequest&gt; does not have simple name ending with 'Resolver' in (OrderItemRequest.java:0)&#10;Class &lt;com.poc.apistyles.adapter.rest.dto.OrderItemResponse&gt; does not have simple name ending with 'Adapter' in (OrderResponse.java:0) and Class &lt;com.poc.apistyles.adapter.rest.dto.OrderItemResponse&gt; does not have simple name ending with 'Controller' in (OrderResponse.java:0) and Class &lt;com.poc.apistyles.adapter.rest.dto.OrderItemResponse&gt; does not have simple name ending with 'Resolver' in (OrderResponse.java:0)&#10;Class &lt;com.poc.apistyles.adapter.rest.dto.OrderRequest&gt; does not have simple name ending with 'Adapter' in (OrderRequest.java:0) and Class &lt;com.poc.apistyles.adapter.rest.dto.OrderRequest&gt; does not have simple name ending with 'Controller' in (OrderRequest.java:0) and Class &lt;com.poc.apistyles.adapter.rest.dto.OrderRequest&gt; does not have simple name ending with 'Resolver' in (OrderRequest.java:0)&#10;Class &lt;com.poc.apistyles.adapter.rest.dto.OrderResponse&gt; does not have simple name ending with 'Adapter' in (OrderResponse.java:0) and Class &lt;com.poc.apistyles.adapter.rest.dto.OrderResponse&gt; does not have simple name ending with 'Controller' in (OrderResponse.java:0) and Class &lt;com.poc.apistyles.adapter.rest.dto.OrderResponse&gt; does not have simple name ending with 'Resolver' in (OrderResponse.java:0)&#10;Class &lt;com.poc.apistyles.adapter.rest.dto.ProductResponse&gt; does not have simple name ending with 'Adapter' in (ProductResponse.java:0) and Class &lt;com.poc.apistyles.adapter.rest.dto.ProductResponse&gt; does not have simple name ending with 'Controller' in (ProductResponse.java:0) and Class &lt;com.poc.apistyles.adapter.rest.dto.ProductResponse&gt; does not have simple name ending with 'Resolver' in (ProductResponse.java:0)&#10;Class &lt;com.poc.apistyles.adapter.soap.ApiApplication&gt; does not have simple name ending with 'Adapter' in (ApiApplication.java:0) and Class &lt;com.poc.apistyles.adapter.soap.ApiApplication&gt; does not have simple name ending with 'Controller' in (ApiApplication.java:0) and Class &lt;com.poc.apistyles.adapter.soap.ApiApplication&gt; does not have simple name ending with 'Resolver' in (ApiApplication.java:0)&#10;Class &lt;com.poc.apistyles.adapter.soap.config.SoapConfig&gt; does not have simple name ending with 'Adapter' in (SoapConfig.java:0) and Class &lt;com.poc.apistyles.adapter.soap.config.SoapConfig&gt; does not have simple name ending with 'Controller' in (SoapConfig.java:0) and Class &lt;com.poc.apistyles.adapter.soap.config.SoapConfig&gt; does not have simple name ending with 'Resolver' in (SoapConfig.java:0)&#10;Class &lt;com.poc.apistyles.adapter.soap.endpoint.CustomerSoapEndpoint&gt; does not have simple name ending with 'Adapter' in (CustomerSoapEndpoint.java:0) and Class &lt;com.poc.apistyles.adapter.soap.endpoint.CustomerSoapEndpoint&gt; does not have simple name ending with 'Controller' in (CustomerSoapEndpoint.java:0) and Class &lt;com.poc.apistyles.adapter.soap.endpoint.CustomerSoapEndpoint&gt; does not have simple name ending with 'Resolver' in (CustomerSoapEndpoint.java:0)&#10;Class &lt;com.poc.apistyles.adapter.soap.endpoint.OrderSoapEndpoint&gt; does not have simple name ending with 'Adapter' in (OrderSoapEndpoint.java:0) and Class &lt;com.poc.apistyles.adapter.soap.endpoint.OrderSoapEndpoint&gt; does not have simple name ending with 'Controller' in (OrderSoapEndpoint.java:0) and Class &lt;com.poc.apistyles.adapter.soap.endpoint.OrderSoapEndpoint&gt; does not have simple name ending with 'Resolver' in (OrderSoapEndpoint.java:0)&#10;Class &lt;com.poc.apistyles.adapter.websocket.ApiApplication&gt; does not have simple name ending with 'Adapter' in (ApiApplication.java:0) and Class &lt;com.poc.apistyles.adapter.websocket.ApiApplication&gt; does not have simple name ending with 'Controller' in (ApiApplication.java:0) and Class &lt;com.poc.apistyles.adapter.websocket.ApiApplication&gt; does not have simple name ending with 'Resolver' in (ApiApplication.java:0)&#10;Class &lt;com.poc.apistyles.adapter.websocket.config.RedisConfig&gt; does not have simple name ending with 'Adapter' in (RedisConfig.java:0) and Class &lt;com.poc.apistyles.adapter.websocket.config.RedisConfig&gt; does not have simple name ending with 'Controller' in (RedisConfig.java:0) and Class &lt;com.poc.apistyles.adapter.websocket.config.RedisConfig&gt; does not have simple name ending with 'Resolver' in (RedisConfig.java:0)&#10;Class &lt;com.poc.apistyles.adapter.websocket.config.WebSocketConfig&gt; does not have simple name ending with 'Adapter' in (WebSocketConfig.java:0) and Class &lt;com.poc.apistyles.adapter.websocket.config.WebSocketConfig&gt; does not have simple name ending with 'Controller' in (WebSocketConfig.java:0) and Class &lt;com.poc.apistyles.adapter.websocket.config.WebSocketConfig&gt; does not have simple name ending with 'Resolver' in (WebSocketConfig.java:0)&#10;Class &lt;com.poc.apistyles.adapter.websocket.handler.OrderStatusHandler&gt; does not have simple name ending with 'Adapter' in (OrderStatusHandler.java:0) and Class &lt;com.poc.apistyles.adapter.websocket.handler.OrderStatusHandler&gt; does not have simple name ending with 'Controller' in (OrderStatusHandler.java:0) and Class &lt;com.poc.apistyles.adapter.websocket.handler.OrderStatusHandler&gt; does not have simple name ending with 'Resolver' in (OrderStatusHandler.java:0)&#10;Class &lt;com.poc.apistyles.adapter.websocket.service.NotificationService&gt; does not have simple name ending with 'Adapter' in (NotificationService.java:0) and Class &lt;com.poc.apistyles.adapter.websocket.service.NotificationService&gt; does not have simple name ending with 'Controller' in (NotificationService.java:0) and Class &lt;com.poc.apistyles.adapter.websocket.service.NotificationService&gt; does not have simple name ending with 'Resolver' in (NotificationService.java:0)" type="java.lang.AssertionError">java.lang.AssertionError: Architecture Violation [Priority: MEDIUM] - Rule 'classes that reside in a package 'com.poc.apistyles.adapter..' and are not interfaces should have simple name ending with 'Adapter' or should have simple name ending with 'Controller' or should have simple name ending with 'Resolver'' was violated (31 times):
Class &lt;com.poc.apistyles.adapter.graphql.ApiApplication&gt; does not have simple name ending with 'Adapter' in (ApiApplication.java:0) and Class &lt;com.poc.apistyles.adapter.graphql.ApiApplication&gt; does not have simple name ending with 'Controller' in (ApiApplication.java:0) and Class &lt;com.poc.apistyles.adapter.graphql.ApiApplication&gt; does not have simple name ending with 'Resolver' in (ApiApplication.java:0)
Class &lt;com.poc.apistyles.adapter.graphql.config.GraphQlConfig&gt; does not have simple name ending with 'Adapter' in (GraphQlConfig.java:0) and Class &lt;com.poc.apistyles.adapter.graphql.config.GraphQlConfig&gt; does not have simple name ending with 'Controller' in (GraphQlConfig.java:0) and Class &lt;com.poc.apistyles.adapter.graphql.config.GraphQlConfig&gt; does not have simple name ending with 'Resolver' in (GraphQlConfig.java:0)
Class &lt;com.poc.apistyles.adapter.graphql.resolver.CustomerResolver$CustomerInput&gt; does not have simple name ending with 'Adapter' in (CustomerResolver.java:0) and Class &lt;com.poc.apistyles.adapter.graphql.resolver.CustomerResolver$CustomerInput&gt; does not have simple name ending with 'Controller' in (CustomerResolver.java:0) and Class &lt;com.poc.apistyles.adapter.graphql.resolver.CustomerResolver$CustomerInput&gt; does not have simple name ending with 'Resolver' in (CustomerResolver.java:0)
Class &lt;com.poc.apistyles.adapter.graphql.resolver.DashboardResolver$CustomerData&gt; does not have simple name ending with 'Adapter' in (DashboardResolver.java:0) and Class &lt;com.poc.apistyles.adapter.graphql.resolver.DashboardResolver$CustomerData&gt; does not have simple name ending with 'Controller' in (DashboardResolver.java:0) and Class &lt;com.poc.apistyles.adapter.graphql.resolver.DashboardResolver$CustomerData&gt; does not have simple name ending with 'Resolver' in (DashboardResolver.java:0)
Class &lt;com.poc.apistyles.adapter.graphql.resolver.DashboardResolver$Dashboard&gt; does not have simple name ending with 'Adapter' in (DashboardResolver.java:0) and Class &lt;com.poc.apistyles.adapter.graphql.resolver.DashboardResolver$Dashboard&gt; does not have simple name ending with 'Controller' in (DashboardResolver.java:0) and Class &lt;com.poc.apistyles.adapter.graphql.resolver.DashboardResolver$Dashboard&gt; does not have simple name ending with 'Resolver' in (DashboardResolver.java:0)
Class &lt;com.poc.apistyles.adapter.graphql.resolver.DashboardResolver$OrderData&gt; does not have simple name ending with 'Adapter' in (DashboardResolver.java:0) and Class &lt;com.poc.apistyles.adapter.graphql.resolver.DashboardResolver$OrderData&gt; does not have simple name ending with 'Controller' in (DashboardResolver.java:0) and Class &lt;com.poc.apistyles.adapter.graphql.resolver.DashboardResolver$OrderData&gt; does not have simple name ending with 'Resolver' in (DashboardResolver.java:0)
Class &lt;com.poc.apistyles.adapter.graphql.resolver.DashboardResolver$ProductData&gt; does not have simple name ending with 'Adapter' in (DashboardResolver.java:0) and Class &lt;com.poc.apistyles.adapter.graphql.resolver.DashboardResolver$ProductData&gt; does not have simple name ending with 'Controller' in (DashboardResolver.java:0) and Class &lt;com.poc.apistyles.adapter.graphql.resolver.DashboardResolver$ProductData&gt; does not have simple name ending with 'Resolver' in (DashboardResolver.java:0)
Class &lt;com.poc.apistyles.adapter.graphql.resolver.OrderResolver$1&gt; does not have simple name ending with 'Adapter' in (OrderResolver.java:0) and Class &lt;com.poc.apistyles.adapter.graphql.resolver.OrderResolver$1&gt; does not have simple name ending with 'Controller' in (OrderResolver.java:0) and Class &lt;com.poc.apistyles.adapter.graphql.resolver.OrderResolver$1&gt; does not have simple name ending with 'Resolver' in (OrderResolver.java:0)
Class &lt;com.poc.apistyles.adapter.graphql.resolver.OrderResolver$OrderInput&gt; does not have simple name ending with 'Adapter' in (OrderResolver.java:0) and Class &lt;com.poc.apistyles.adapter.graphql.resolver.OrderResolver$OrderInput&gt; does not have simple name ending with 'Controller' in (OrderResolver.java:0) and Class &lt;com.poc.apistyles.adapter.graphql.resolver.OrderResolver$OrderInput&gt; does not have simple name ending with 'Resolver' in (OrderResolver.java:0)
Class &lt;com.poc.apistyles.adapter.graphql.resolver.OrderResolver$OrderItemInput&gt; does not have simple name ending with 'Adapter' in (OrderResolver.java:0) and Class &lt;com.poc.apistyles.adapter.graphql.resolver.OrderResolver$OrderItemInput&gt; does not have simple name ending with 'Controller' in (OrderResolver.java:0) and Class &lt;com.poc.apistyles.adapter.graphql.resolver.OrderResolver$OrderItemInput&gt; does not have simple name ending with 'Resolver' in (OrderResolver.java:0)
Class &lt;com.poc.apistyles.adapter.rest.ApiApplication&gt; does not have simple name ending with 'Adapter' in (ApiApplication.java:0) and Class &lt;com.poc.apistyles.adapter.rest.ApiApplication&gt; does not have simple name ending with 'Controller' in (ApiApplication.java:0) and Class &lt;com.poc.apistyles.adapter.rest.ApiApplication&gt; does not have simple name ending with 'Resolver' in (ApiApplication.java:0)
Class &lt;com.poc.apistyles.adapter.rest.config.OpenApiConfig&gt; does not have simple name ending with 'Adapter' in (OpenApiConfig.java:0) and Class &lt;com.poc.apistyles.adapter.rest.config.OpenApiConfig&gt; does not have simple name ending with 'Controller' in (OpenApiConfig.java:0) and Class &lt;com.poc.apistyles.adapter.rest.config.OpenApiConfig&gt; does not have simple name ending with 'Resolver' in (OpenApiConfig.java:0)
Class &lt;com.poc.apistyles.adapter.rest.config.WebConfig&gt; does not have simple name ending with 'Adapter' in (WebConfig.java:0) and Class &lt;com.poc.apistyles.adapter.rest.config.WebConfig&gt; does not have simple name ending with 'Controller' in (WebConfig.java:0) and Class &lt;com.poc.apistyles.adapter.rest.config.WebConfig&gt; does not have simple name ending with 'Resolver' in (WebConfig.java:0)
Class &lt;com.poc.apistyles.adapter.rest.controller.OrderController$1&gt; does not have simple name ending with 'Adapter' in (OrderController.java:0) and Class &lt;com.poc.apistyles.adapter.rest.controller.OrderController$1&gt; does not have simple name ending with 'Controller' in (OrderController.java:0) and Class &lt;com.poc.apistyles.adapter.rest.controller.OrderController$1&gt; does not have simple name ending with 'Resolver' in (OrderController.java:0)
Class &lt;com.poc.apistyles.adapter.rest.dto.CustomerRequest&gt; does not have simple name ending with 'Adapter' in (CustomerRequest.java:0) and Class &lt;com.poc.apistyles.adapter.rest.dto.CustomerRequest&gt; does not have simple name ending with 'Controller' in (CustomerRequest.java:0) and Class &lt;com.poc.apistyles.adapter.rest.dto.CustomerRequest&gt; does not have simple name ending with 'Resolver' in (CustomerRequest.java:0)
Class &lt;com.poc.apistyles.adapter.rest.dto.CustomerResponse&gt; does not have simple name ending with 'Adapter' in (CustomerResponse.java:0) and Class &lt;com.poc.apistyles.adapter.rest.dto.CustomerResponse&gt; does not have simple name ending with 'Controller' in (CustomerResponse.java:0) and Class &lt;com.poc.apistyles.adapter.rest.dto.CustomerResponse&gt; does not have simple name ending with 'Resolver' in (CustomerResponse.java:0)
Class &lt;com.poc.apistyles.adapter.rest.dto.DashboardResponse&gt; does not have simple name ending with 'Adapter' in (DashboardResponse.java:0) and Class &lt;com.poc.apistyles.adapter.rest.dto.DashboardResponse&gt; does not have simple name ending with 'Controller' in (DashboardResponse.java:0) and Class &lt;com.poc.apistyles.adapter.rest.dto.DashboardResponse&gt; does not have simple name ending with 'Resolver' in (DashboardResponse.java:0)
Class &lt;com.poc.apistyles.adapter.rest.dto.OrderItemRequest&gt; does not have simple name ending with 'Adapter' in (OrderItemRequest.java:0) and Class &lt;com.poc.apistyles.adapter.rest.dto.OrderItemRequest&gt; does not have simple name ending with 'Controller' in (OrderItemRequest.java:0) and Class &lt;com.poc.apistyles.adapter.rest.dto.OrderItemRequest&gt; does not have simple name ending with 'Resolver' in (OrderItemRequest.java:0)
Class &lt;com.poc.apistyles.adapter.rest.dto.OrderItemResponse&gt; does not have simple name ending with 'Adapter' in (OrderResponse.java:0) and Class &lt;com.poc.apistyles.adapter.rest.dto.OrderItemResponse&gt; does not have simple name ending with 'Controller' in (OrderResponse.java:0) and Class &lt;com.poc.apistyles.adapter.rest.dto.OrderItemResponse&gt; does not have simple name ending with 'Resolver' in (OrderResponse.java:0)
Class &lt;com.poc.apistyles.adapter.rest.dto.OrderRequest&gt; does not have simple name ending with 'Adapter' in (OrderRequest.java:0) and Class &lt;com.poc.apistyles.adapter.rest.dto.OrderRequest&gt; does not have simple name ending with 'Controller' in (OrderRequest.java:0) and Class &lt;com.poc.apistyles.adapter.rest.dto.OrderRequest&gt; does not have simple name ending with 'Resolver' in (OrderRequest.java:0)
Class &lt;com.poc.apistyles.adapter.rest.dto.OrderResponse&gt; does not have simple name ending with 'Adapter' in (OrderResponse.java:0) and Class &lt;com.poc.apistyles.adapter.rest.dto.OrderResponse&gt; does not have simple name ending with 'Controller' in (OrderResponse.java:0) and Class &lt;com.poc.apistyles.adapter.rest.dto.OrderResponse&gt; does not have simple name ending with 'Resolver' in (OrderResponse.java:0)
Class &lt;com.poc.apistyles.adapter.rest.dto.ProductResponse&gt; does not have simple name ending with 'Adapter' in (ProductResponse.java:0) and Class &lt;com.poc.apistyles.adapter.rest.dto.ProductResponse&gt; does not have simple name ending with 'Controller' in (ProductResponse.java:0) and Class &lt;com.poc.apistyles.adapter.rest.dto.ProductResponse&gt; does not have simple name ending with 'Resolver' in (ProductResponse.java:0)
Class &lt;com.poc.apistyles.adapter.soap.ApiApplication&gt; does not have simple name ending with 'Adapter' in (ApiApplication.java:0) and Class &lt;com.poc.apistyles.adapter.soap.ApiApplication&gt; does not have simple name ending with 'Controller' in (ApiApplication.java:0) and Class &lt;com.poc.apistyles.adapter.soap.ApiApplication&gt; does not have simple name ending with 'Resolver' in (ApiApplication.java:0)
Class &lt;com.poc.apistyles.adapter.soap.config.SoapConfig&gt; does not have simple name ending with 'Adapter' in (SoapConfig.java:0) and Class &lt;com.poc.apistyles.adapter.soap.config.SoapConfig&gt; does not have simple name ending with 'Controller' in (SoapConfig.java:0) and Class &lt;com.poc.apistyles.adapter.soap.config.SoapConfig&gt; does not have simple name ending with 'Resolver' in (SoapConfig.java:0)
Class &lt;com.poc.apistyles.adapter.soap.endpoint.CustomerSoapEndpoint&gt; does not have simple name ending with 'Adapter' in (CustomerSoapEndpoint.java:0) and Class &lt;com.poc.apistyles.adapter.soap.endpoint.CustomerSoapEndpoint&gt; does not have simple name ending with 'Controller' in (CustomerSoapEndpoint.java:0) and Class &lt;com.poc.apistyles.adapter.soap.endpoint.CustomerSoapEndpoint&gt; does not have simple name ending with 'Resolver' in (CustomerSoapEndpoint.java:0)
Class &lt;com.poc.apistyles.adapter.soap.endpoint.OrderSoapEndpoint&gt; does not have simple name ending with 'Adapter' in (OrderSoapEndpoint.java:0) and Class &lt;com.poc.apistyles.adapter.soap.endpoint.OrderSoapEndpoint&gt; does not have simple name ending with 'Controller' in (OrderSoapEndpoint.java:0) and Class &lt;com.poc.apistyles.adapter.soap.endpoint.OrderSoapEndpoint&gt; does not have simple name ending with 'Resolver' in (OrderSoapEndpoint.java:0)
Class &lt;com.poc.apistyles.adapter.websocket.ApiApplication&gt; does not have simple name ending with 'Adapter' in (ApiApplication.java:0) and Class &lt;com.poc.apistyles.adapter.websocket.ApiApplication&gt; does not have simple name ending with 'Controller' in (ApiApplication.java:0) and Class &lt;com.poc.apistyles.adapter.websocket.ApiApplication&gt; does not have simple name ending with 'Resolver' in (ApiApplication.java:0)
Class &lt;com.poc.apistyles.adapter.websocket.config.RedisConfig&gt; does not have simple name ending with 'Adapter' in (RedisConfig.java:0) and Class &lt;com.poc.apistyles.adapter.websocket.config.RedisConfig&gt; does not have simple name ending with 'Controller' in (RedisConfig.java:0) and Class &lt;com.poc.apistyles.adapter.websocket.config.RedisConfig&gt; does not have simple name ending with 'Resolver' in (RedisConfig.java:0)
Class &lt;com.poc.apistyles.adapter.websocket.config.WebSocketConfig&gt; does not have simple name ending with 'Adapter' in (WebSocketConfig.java:0) and Class &lt;com.poc.apistyles.adapter.websocket.config.WebSocketConfig&gt; does not have simple name ending with 'Controller' in (WebSocketConfig.java:0) and Class &lt;com.poc.apistyles.adapter.websocket.config.WebSocketConfig&gt; does not have simple name ending with 'Resolver' in (WebSocketConfig.java:0)
Class &lt;com.poc.apistyles.adapter.websocket.handler.OrderStatusHandler&gt; does not have simple name ending with 'Adapter' in (OrderStatusHandler.java:0) and Class &lt;com.poc.apistyles.adapter.websocket.handler.OrderStatusHandler&gt; does not have simple name ending with 'Controller' in (OrderStatusHandler.java:0) and Class &lt;com.poc.apistyles.adapter.websocket.handler.OrderStatusHandler&gt; does not have simple name ending with 'Resolver' in (OrderStatusHandler.java:0)
Class &lt;com.poc.apistyles.adapter.websocket.service.NotificationService&gt; does not have simple name ending with 'Adapter' in (NotificationService.java:0) and Class &lt;com.poc.apistyles.adapter.websocket.service.NotificationService&gt; does not have simple name ending with 'Controller' in (NotificationService.java:0) and Class &lt;com.poc.apistyles.adapter.websocket.service.NotificationService&gt; does not have simple name ending with 'Resolver' in (NotificationService.java:0)
	at com.tngtech.archunit.lang.ArchRule$Assertions.assertNoViolation(ArchRule.java:94)
	at com.tngtech.archunit.lang.ArchRule$Assertions.check(ArchRule.java:86)
	at com.tngtech.archunit.lang.ArchRule$Factory$SimpleArchRule.check(ArchRule.java:165)
	at com.tngtech.archunit.lang.syntax.ObjectsShouldInternal.check(ObjectsShouldInternal.java:81)
	at com.poc.apistyles.arch.NamingConventionTest.adapterClassesShouldBeNamedWithAdapterTerm(NamingConventionTest.java:92)
	at java.base/jdk.internal.reflect.DirectMethodHandleAccessor.invoke(DirectMethodHandleAccessor.java:103)
	at java.base/java.lang.reflect.Method.invoke(Method.java:580)
	at org.junit.platform.commons.util.ReflectionUtils.invokeMethod(ReflectionUtils.java:767)
	at org.junit.jupiter.engine.execution.MethodInvocation.proceed(MethodInvocation.java:60)
	at org.junit.jupiter.engine.execution.InvocationInterceptorChain$ValidatingInvocation.proceed(InvocationInterceptorChain.java:131)
	at org.junit.jupiter.engine.extension.TimeoutExtension.intercept(TimeoutExtension.java:156)
	at org.junit.jupiter.engine.extension.TimeoutExtension.interceptTestableMethod(TimeoutExtension.java:147)
	at org.junit.jupiter.engine.extension.TimeoutExtension.interceptTestMethod(TimeoutExtension.java:86)
	at org.junit.jupiter.engine.execution.InterceptingExecutableInvoker$ReflectiveInterceptorCall.lambda$ofVoidMethod$0(InterceptingExecutableInvoker.java:103)
	at org.junit.jupiter.engine.execution.InterceptingExecutableInvoker.lambda$invoke$0(InterceptingExecutableInvoker.java:93)
	at org.junit.jupiter.engine.execution.InvocationInterceptorChain$InterceptedInvocation.proceed(InvocationInterceptorChain.java:106)
	at org.junit.jupiter.engine.execution.InvocationInterceptorChain.proceed(InvocationInterceptorChain.java:64)
	at org.junit.jupiter.engine.execution.InvocationInterceptorChain.chainAndInvoke(InvocationInterceptorChain.java:45)
	at org.junit.jupiter.engine.execution.InvocationInterceptorChain.invoke(InvocationInterceptorChain.java:37)
	at org.junit.jupiter.engine.execution.InterceptingExecutableInvoker.invoke(InterceptingExecutableInvoker.java:92)
	at org.junit.jupiter.engine.execution.InterceptingExecutableInvoker.invoke(InterceptingExecutableInvoker.java:86)
	at org.junit.jupiter.engine.descriptor.TestMethodTestDescriptor.lambda$invokeTestMethod$8(TestMethodTestDescriptor.java:217)
	at org.junit.platform.engine.support.hierarchical.ThrowableCollector.execute(ThrowableCollector.java:73)
	at org.junit.jupiter.engine.descriptor.TestMethodTestDescriptor.invokeTestMethod(TestMethodTestDescriptor.java:213)
	at org.junit.jupiter.engine.descriptor.TestMethodTestDescriptor.execute(TestMethodTestDescriptor.java:138)
	at org.junit.jupiter.engine.descriptor.TestMethodTestDescriptor.execute(TestMethodTestDescriptor.java:68)
	at org.junit.platform.engine.support.hierarchical.NodeTestTask.lambda$executeRecursively$6(NodeTestTask.java:156)
	at org.junit.platform.engine.support.hierarchical.ThrowableCollector.execute(ThrowableCollector.java:73)
	at org.junit.platform.engine.support.hierarchical.NodeTestTask.lambda$executeRecursively$8(NodeTestTask.java:146)
	at org.junit.platform.engine.support.hierarchical.Node.around(Node.java:137)
	at org.junit.platform.engine.support.hierarchical.NodeTestTask.lambda$executeRecursively$9(NodeTestTask.java:144)
	at org.junit.platform.engine.support.hierarchical.ThrowableCollector.execute(ThrowableCollector.java:73)
	at org.junit.platform.engine.support.hierarchical.NodeTestTask.executeRecursively(NodeTestTask.java:143)
	at org.junit.platform.engine.support.hierarchical.NodeTestTask.execute(NodeTestTask.java:100)
	at java.base/java.util.ArrayList.forEach(ArrayList.java:1596)
	at org.junit.platform.engine.support.hierarchical.SameThreadHierarchicalTestExecutorService.invokeAll(SameThreadHierarchicalTestExecutorService.java:41)
	at org.junit.platform.engine.support.hierarchical.NodeTestTask.lambda$executeRecursively$6(NodeTestTask.java:160)
	at org.junit.platform.engine.support.hierarchical.ThrowableCollector.execute(ThrowableCollector.java:73)
	at org.junit.platform.engine.support.hierarchical.NodeTestTask.lambda$executeRecursively$8(NodeTestTask.java:146)
	at org.junit.platform.engine.support.hierarchical.Node.around(Node.java:137)
	at org.junit.platform.engine.support.hierarchical.NodeTestTask.lambda$executeRecursively$9(NodeTestTask.java:144)
	at org.junit.platform.engine.support.hierarchical.ThrowableCollector.execute(ThrowableCollector.java:73)
	at org.junit.platform.engine.support.hierarchical.NodeTestTask.executeRecursively(NodeTestTask.java:143)
	at org.junit.platform.engine.support.hierarchical.NodeTestTask.execute(NodeTestTask.java:100)
	at java.base/java.util.ArrayList.forEach(ArrayList.java:1596)
	at org.junit.platform.engine.support.hierarchical.SameThreadHierarchicalTestExecutorService.invokeAll(SameThreadHierarchicalTestExecutorService.java:41)
	at org.junit.platform.engine.support.hierarchical.NodeTestTask.lambda$executeRecursively$6(NodeTestTask.java:160)
	at org.junit.platform.engine.support.hierarchical.ThrowableCollector.execute(ThrowableCollector.java:73)
	at org.junit.platform.engine.support.hierarchical.NodeTestTask.lambda$executeRecursively$8(NodeTestTask.java:146)
	at org.junit.platform.engine.support.hierarchical.Node.around(Node.java:137)
	at org.junit.platform.engine.support.hierarchical.NodeTestTask.lambda$executeRecursively$9(NodeTestTask.java:144)
	at org.junit.platform.engine.support.hierarchical.ThrowableCollector.execute(ThrowableCollector.java:73)
	at org.junit.platform.engine.support.hierarchical.NodeTestTask.executeRecursively(NodeTestTask.java:143)
	at org.junit.platform.engine.support.hierarchical.NodeTestTask.execute(NodeTestTask.java:100)
	at org.junit.platform.engine.support.hierarchical.SameThreadHierarchicalTestExecutorService.submit(SameThreadHierarchicalTestExecutorService.java:35)
	at org.junit.platform.engine.support.hierarchical.HierarchicalTestExecutor.execute(HierarchicalTestExecutor.java:57)
	at org.junit.platform.engine.support.hierarchical.HierarchicalTestEngine.execute(HierarchicalTestEngine.java:54)
	at org.junit.platform.launcher.core.EngineExecutionOrchestrator.execute(EngineExecutionOrchestrator.java:107)
	at org.junit.platform.launcher.core.EngineExecutionOrchestrator.execute(EngineExecutionOrchestrator.java:88)
	at org.junit.platform.launcher.core.EngineExecutionOrchestrator.lambda$execute$0(EngineExecutionOrchestrator.java:54)
	at org.junit.platform.launcher.core.EngineExecutionOrchestrator.withInterceptedStreams(EngineExecutionOrchestrator.java:67)
	at org.junit.platform.launcher.core.EngineExecutionOrchestrator.execute(EngineExecutionOrchestrator.java:52)
	at org.junit.platform.launcher.core.DefaultLauncher.execute(DefaultLauncher.java:114)
	at org.junit.platform.launcher.core.DefaultLauncher.execute(DefaultLauncher.java:86)
	at org.junit.platform.launcher.core.DefaultLauncherSession$DelegatingLauncher.execute(DefaultLauncherSession.java:86)
	at org.gradle.api.internal.tasks.testing.junitplatform.JUnitPlatformTestClassProcessor$CollectAllTestClassesExecutor.processAllTestClasses(JUnitPlatformTestClassProcessor.java:119)
	at org.gradle.api.internal.tasks.testing.junitplatform.JUnitPlatformTestClassProcessor$CollectAllTestClassesExecutor.access$000(JUnitPlatformTestClassProcessor.java:94)
	at org.gradle.api.internal.tasks.testing.junitplatform.JUnitPlatformTestClassProcessor.stop(JUnitPlatformTestClassProcessor.java:89)
	at org.gradle.api.internal.tasks.testing.SuiteTestClassProcessor.stop(SuiteTestClassProcessor.java:62)
	at java.base/jdk.internal.reflect.DirectMethodHandleAccessor.invoke(DirectMethodHandleAccessor.java:103)
	at java.base/java.lang.reflect.Method.invoke(Method.java:580)
	at org.gradle.internal.dispatch.ReflectionDispatch.dispatch(ReflectionDispatch.java:36)
	at org.gradle.internal.dispatch.ReflectionDispatch.dispatch(ReflectionDispatch.java:24)
	at org.gradle.internal.dispatch.ContextClassLoaderDispatch.dispatch(ContextClassLoaderDispatch.java:33)
	at org.gradle.internal.dispatch.ProxyDispatchAdapter$DispatchingInvocationHandler.invoke(ProxyDispatchAdapter.java:94)
	at jdk.proxy1/jdk.proxy1.$Proxy2.stop(Unknown Source)
	at org.gradle.api.internal.tasks.testing.worker.TestWorker$3.run(TestWorker.java:193)
	at org.gradle.api.internal.tasks.testing.worker.TestWorker.executeAndMaintainThreadName(TestWorker.java:129)
	at org.gradle.api.internal.tasks.testing.worker.TestWorker.execute(TestWorker.java:100)
	at org.gradle.api.internal.tasks.testing.worker.TestWorker.execute(TestWorker.java:60)
	at org.gradle.process.internal.worker.child.ActionExecutionWorker.execute(ActionExecutionWorker.java:56)
	at org.gradle.process.internal.worker.child.SystemApplicationClassLoaderWorker.call(SystemApplicationClassLoaderWorker.java:113)
	at org.gradle.process.internal.worker.child.SystemApplicationClassLoaderWorker.call(SystemApplicationClassLoaderWorker.java:65)
	at worker.org.gradle.process.internal.worker.GradleWorkerMain.run(GradleWorkerMain.java:69)
	at worker.org.gradle.process.internal.worker.GradleWorkerMain.main(GradleWorkerMain.java:74)
</failure>
  </testcase>
  <testcase name="serviceClassesShouldEndWithService()" classname="com.poc.apistyles.arch.NamingConventionTest" time="0.001">
    <failure message="java.lang.AssertionError: Architecture Violation [Priority: MEDIUM] - Rule 'classes that reside in a package 'com.poc.apistyles.application..' and have simple name not containing 'Configuration' should have simple name ending with 'Service'' was violated (4 times):&#10;Class &lt;com.poc.apistyles.application.CustomerServiceImpl&gt; does not have simple name ending with 'Service' in (CustomerServiceImpl.java:0)&#10;Class &lt;com.poc.apistyles.application.DashboardServiceImpl&gt; does not have simple name ending with 'Service' in (DashboardServiceImpl.java:0)&#10;Class &lt;com.poc.apistyles.application.OrderServiceImpl&gt; does not have simple name ending with 'Service' in (OrderServiceImpl.java:0)&#10;Class &lt;com.poc.apistyles.application.ProductServiceImpl&gt; does not have simple name ending with 'Service' in (ProductServiceImpl.java:0)" type="java.lang.AssertionError">java.lang.AssertionError: Architecture Violation [Priority: MEDIUM] - Rule 'classes that reside in a package 'com.poc.apistyles.application..' and have simple name not containing 'Configuration' should have simple name ending with 'Service'' was violated (4 times):
Class &lt;com.poc.apistyles.application.CustomerServiceImpl&gt; does not have simple name ending with 'Service' in (CustomerServiceImpl.java:0)
Class &lt;com.poc.apistyles.application.DashboardServiceImpl&gt; does not have simple name ending with 'Service' in (DashboardServiceImpl.java:0)
Class &lt;com.poc.apistyles.application.OrderServiceImpl&gt; does not have simple name ending with 'Service' in (OrderServiceImpl.java:0)
Class &lt;com.poc.apistyles.application.ProductServiceImpl&gt; does not have simple name ending with 'Service' in (ProductServiceImpl.java:0)
	at com.tngtech.archunit.lang.ArchRule$Assertions.assertNoViolation(ArchRule.java:94)
	at com.tngtech.archunit.lang.ArchRule$Assertions.check(ArchRule.java:86)
	at com.tngtech.archunit.lang.ArchRule$Factory$SimpleArchRule.check(ArchRule.java:165)
	at com.tngtech.archunit.lang.syntax.ObjectsShouldInternal.check(ObjectsShouldInternal.java:81)
	at com.poc.apistyles.arch.NamingConventionTest.serviceClassesShouldEndWithService(NamingConventionTest.java:58)
	at java.base/jdk.internal.reflect.DirectMethodHandleAccessor.invoke(DirectMethodHandleAccessor.java:103)
	at java.base/java.lang.reflect.Method.invoke(Method.java:580)
	at org.junit.platform.commons.util.ReflectionUtils.invokeMethod(ReflectionUtils.java:767)
	at org.junit.jupiter.engine.execution.MethodInvocation.proceed(MethodInvocation.java:60)
	at org.junit.jupiter.engine.execution.InvocationInterceptorChain$ValidatingInvocation.proceed(InvocationInterceptorChain.java:131)
	at org.junit.jupiter.engine.extension.TimeoutExtension.intercept(TimeoutExtension.java:156)
	at org.junit.jupiter.engine.extension.TimeoutExtension.interceptTestableMethod(TimeoutExtension.java:147)
	at org.junit.jupiter.engine.extension.TimeoutExtension.interceptTestMethod(TimeoutExtension.java:86)
	at org.junit.jupiter.engine.execution.InterceptingExecutableInvoker$ReflectiveInterceptorCall.lambda$ofVoidMethod$0(InterceptingExecutableInvoker.java:103)
	at org.junit.jupiter.engine.execution.InterceptingExecutableInvoker.lambda$invoke$0(InterceptingExecutableInvoker.java:93)
	at org.junit.jupiter.engine.execution.InvocationInterceptorChain$InterceptedInvocation.proceed(InvocationInterceptorChain.java:106)
	at org.junit.jupiter.engine.execution.InvocationInterceptorChain.proceed(InvocationInterceptorChain.java:64)
	at org.junit.jupiter.engine.execution.InvocationInterceptorChain.chainAndInvoke(InvocationInterceptorChain.java:45)
	at org.junit.jupiter.engine.execution.InvocationInterceptorChain.invoke(InvocationInterceptorChain.java:37)
	at org.junit.jupiter.engine.execution.InterceptingExecutableInvoker.invoke(InterceptingExecutableInvoker.java:92)
	at org.junit.jupiter.engine.execution.InterceptingExecutableInvoker.invoke(InterceptingExecutableInvoker.java:86)
	at org.junit.jupiter.engine.descriptor.TestMethodTestDescriptor.lambda$invokeTestMethod$8(TestMethodTestDescriptor.java:217)
	at org.junit.platform.engine.support.hierarchical.ThrowableCollector.execute(ThrowableCollector.java:73)
	at org.junit.jupiter.engine.descriptor.TestMethodTestDescriptor.invokeTestMethod(TestMethodTestDescriptor.java:213)
	at org.junit.jupiter.engine.descriptor.TestMethodTestDescriptor.execute(TestMethodTestDescriptor.java:138)
	at org.junit.jupiter.engine.descriptor.TestMethodTestDescriptor.execute(TestMethodTestDescriptor.java:68)
	at org.junit.platform.engine.support.hierarchical.NodeTestTask.lambda$executeRecursively$6(NodeTestTask.java:156)
	at org.junit.platform.engine.support.hierarchical.ThrowableCollector.execute(ThrowableCollector.java:73)
	at org.junit.platform.engine.support.hierarchical.NodeTestTask.lambda$executeRecursively$8(NodeTestTask.java:146)
	at org.junit.platform.engine.support.hierarchical.Node.around(Node.java:137)
	at org.junit.platform.engine.support.hierarchical.NodeTestTask.lambda$executeRecursively$9(NodeTestTask.java:144)
	at org.junit.platform.engine.support.hierarchical.ThrowableCollector.execute(ThrowableCollector.java:73)
	at org.junit.platform.engine.support.hierarchical.NodeTestTask.executeRecursively(NodeTestTask.java:143)
	at org.junit.platform.engine.support.hierarchical.NodeTestTask.execute(NodeTestTask.java:100)
	at java.base/java.util.ArrayList.forEach(ArrayList.java:1596)
	at org.junit.platform.engine.support.hierarchical.SameThreadHierarchicalTestExecutorService.invokeAll(SameThreadHierarchicalTestExecutorService.java:41)
	at org.junit.platform.engine.support.hierarchical.NodeTestTask.lambda$executeRecursively$6(NodeTestTask.java:160)
	at org.junit.platform.engine.support.hierarchical.ThrowableCollector.execute(ThrowableCollector.java:73)
	at org.junit.platform.engine.support.hierarchical.NodeTestTask.lambda$executeRecursively$8(NodeTestTask.java:146)
	at org.junit.platform.engine.support.hierarchical.Node.around(Node.java:137)
	at org.junit.platform.engine.support.hierarchical.NodeTestTask.lambda$executeRecursively$9(NodeTestTask.java:144)
	at org.junit.platform.engine.support.hierarchical.ThrowableCollector.execute(ThrowableCollector.java:73)
	at org.junit.platform.engine.support.hierarchical.NodeTestTask.executeRecursively(NodeTestTask.java:143)
	at org.junit.platform.engine.support.hierarchical.NodeTestTask.execute(NodeTestTask.java:100)
	at java.base/java.util.ArrayList.forEach(ArrayList.java:1596)
	at org.junit.platform.engine.support.hierarchical.SameThreadHierarchicalTestExecutorService.invokeAll(SameThreadHierarchicalTestExecutorService.java:41)
	at org.junit.platform.engine.support.hierarchical.NodeTestTask.lambda$executeRecursively$6(NodeTestTask.java:160)
	at org.junit.platform.engine.support.hierarchical.ThrowableCollector.execute(ThrowableCollector.java:73)
	at org.junit.platform.engine.support.hierarchical.NodeTestTask.lambda$executeRecursively$8(NodeTestTask.java:146)
	at org.junit.platform.engine.support.hierarchical.Node.around(Node.java:137)
	at org.junit.platform.engine.support.hierarchical.NodeTestTask.lambda$executeRecursively$9(NodeTestTask.java:144)
	at org.junit.platform.engine.support.hierarchical.ThrowableCollector.execute(ThrowableCollector.java:73)
	at org.junit.platform.engine.support.hierarchical.NodeTestTask.executeRecursively(NodeTestTask.java:143)
	at org.junit.platform.engine.support.hierarchical.NodeTestTask.execute(NodeTestTask.java:100)
	at org.junit.platform.engine.support.hierarchical.SameThreadHierarchicalTestExecutorService.submit(SameThreadHierarchicalTestExecutorService.java:35)
	at org.junit.platform.engine.support.hierarchical.HierarchicalTestExecutor.execute(HierarchicalTestExecutor.java:57)
	at org.junit.platform.engine.support.hierarchical.HierarchicalTestEngine.execute(HierarchicalTestEngine.java:54)
	at org.junit.platform.launcher.core.EngineExecutionOrchestrator.execute(EngineExecutionOrchestrator.java:107)
	at org.junit.platform.launcher.core.EngineExecutionOrchestrator.execute(EngineExecutionOrchestrator.java:88)
	at org.junit.platform.launcher.core.EngineExecutionOrchestrator.lambda$execute$0(EngineExecutionOrchestrator.java:54)
	at org.junit.platform.launcher.core.EngineExecutionOrchestrator.withInterceptedStreams(EngineExecutionOrchestrator.java:67)
	at org.junit.platform.launcher.core.EngineExecutionOrchestrator.execute(EngineExecutionOrchestrator.java:52)
	at org.junit.platform.launcher.core.DefaultLauncher.execute(DefaultLauncher.java:114)
	at org.junit.platform.launcher.core.DefaultLauncher.execute(DefaultLauncher.java:86)
	at org.junit.platform.launcher.core.DefaultLauncherSession$DelegatingLauncher.execute(DefaultLauncherSession.java:86)
	at org.gradle.api.internal.tasks.testing.junitplatform.JUnitPlatformTestClassProcessor$CollectAllTestClassesExecutor.processAllTestClasses(JUnitPlatformTestClassProcessor.java:119)
	at org.gradle.api.internal.tasks.testing.junitplatform.JUnitPlatformTestClassProcessor$CollectAllTestClassesExecutor.access$000(JUnitPlatformTestClassProcessor.java:94)
	at org.gradle.api.internal.tasks.testing.junitplatform.JUnitPlatformTestClassProcessor.stop(JUnitPlatformTestClassProcessor.java:89)
	at org.gradle.api.internal.tasks.testing.SuiteTestClassProcessor.stop(SuiteTestClassProcessor.java:62)
	at java.base/jdk.internal.reflect.DirectMethodHandleAccessor.invoke(DirectMethodHandleAccessor.java:103)
	at java.base/java.lang.reflect.Method.invoke(Method.java:580)
	at org.gradle.internal.dispatch.ReflectionDispatch.dispatch(ReflectionDispatch.java:36)
	at org.gradle.internal.dispatch.ReflectionDispatch.dispatch(ReflectionDispatch.java:24)
	at org.gradle.internal.dispatch.ContextClassLoaderDispatch.dispatch(ContextClassLoaderDispatch.java:33)
	at org.gradle.internal.dispatch.ProxyDispatchAdapter$DispatchingInvocationHandler.invoke(ProxyDispatchAdapter.java:94)
	at jdk.proxy1/jdk.proxy1.$Proxy2.stop(Unknown Source)
	at org.gradle.api.internal.tasks.testing.worker.TestWorker$3.run(TestWorker.java:193)
	at org.gradle.api.internal.tasks.testing.worker.TestWorker.executeAndMaintainThreadName(TestWorker.java:129)
	at org.gradle.api.internal.tasks.testing.worker.TestWorker.execute(TestWorker.java:100)
	at org.gradle.api.internal.tasks.testing.worker.TestWorker.execute(TestWorker.java:60)
	at org.gradle.process.internal.worker.child.ActionExecutionWorker.execute(ActionExecutionWorker.java:56)
	at org.gradle.process.internal.worker.child.SystemApplicationClassLoaderWorker.call(SystemApplicationClassLoaderWorker.java:113)
	at org.gradle.process.internal.worker.child.SystemApplicationClassLoaderWorker.call(SystemApplicationClassLoaderWorker.java:65)
	at worker.org.gradle.process.internal.worker.GradleWorkerMain.run(GradleWorkerMain.java:69)
	at worker.org.gradle.process.internal.worker.GradleWorkerMain.main(GradleWorkerMain.java:74)
</failure>
  </testcase>
  <testcase name="portInterfacesShouldEndWithPort()" classname="com.poc.apistyles.arch.NamingConventionTest" time="0.001">
    <failure message="java.lang.AssertionError: Architecture Violation [Priority: MEDIUM] - Rule 'classes that reside in a package 'com.poc.apistyles.domain.port..' and are interfaces should have simple name ending with 'Port' or should have simple name ending with 'Repository'' was violated (4 times):&#10;Class &lt;com.poc.apistyles.domain.port.inbound.CustomerService&gt; does not have simple name ending with 'Port' in (CustomerService.java:0) and Class &lt;com.poc.apistyles.domain.port.inbound.CustomerService&gt; does not have simple name ending with 'Repository' in (CustomerService.java:0)&#10;Class &lt;com.poc.apistyles.domain.port.inbound.DashboardService&gt; does not have simple name ending with 'Port' in (DashboardService.java:0) and Class &lt;com.poc.apistyles.domain.port.inbound.DashboardService&gt; does not have simple name ending with 'Repository' in (DashboardService.java:0)&#10;Class &lt;com.poc.apistyles.domain.port.inbound.OrderService&gt; does not have simple name ending with 'Port' in (OrderService.java:0) and Class &lt;com.poc.apistyles.domain.port.inbound.OrderService&gt; does not have simple name ending with 'Repository' in (OrderService.java:0)&#10;Class &lt;com.poc.apistyles.domain.port.inbound.ProductService&gt; does not have simple name ending with 'Port' in (ProductService.java:0) and Class &lt;com.poc.apistyles.domain.port.inbound.ProductService&gt; does not have simple name ending with 'Repository' in (ProductService.java:0)" type="java.lang.AssertionError">java.lang.AssertionError: Architecture Violation [Priority: MEDIUM] - Rule 'classes that reside in a package 'com.poc.apistyles.domain.port..' and are interfaces should have simple name ending with 'Port' or should have simple name ending with 'Repository'' was violated (4 times):
Class &lt;com.poc.apistyles.domain.port.inbound.CustomerService&gt; does not have simple name ending with 'Port' in (CustomerService.java:0) and Class &lt;com.poc.apistyles.domain.port.inbound.CustomerService&gt; does not have simple name ending with 'Repository' in (CustomerService.java:0)
Class &lt;com.poc.apistyles.domain.port.inbound.DashboardService&gt; does not have simple name ending with 'Port' in (DashboardService.java:0) and Class &lt;com.poc.apistyles.domain.port.inbound.DashboardService&gt; does not have simple name ending with 'Repository' in (DashboardService.java:0)
Class &lt;com.poc.apistyles.domain.port.inbound.OrderService&gt; does not have simple name ending with 'Port' in (OrderService.java:0) and Class &lt;com.poc.apistyles.domain.port.inbound.OrderService&gt; does not have simple name ending with 'Repository' in (OrderService.java:0)
Class &lt;com.poc.apistyles.domain.port.inbound.ProductService&gt; does not have simple name ending with 'Port' in (ProductService.java:0) and Class &lt;com.poc.apistyles.domain.port.inbound.ProductService&gt; does not have simple name ending with 'Repository' in (ProductService.java:0)
	at com.tngtech.archunit.lang.ArchRule$Assertions.assertNoViolation(ArchRule.java:94)
	at com.tngtech.archunit.lang.ArchRule$Assertions.check(ArchRule.java:86)
	at com.tngtech.archunit.lang.ArchRule$Factory$SimpleArchRule.check(ArchRule.java:165)
	at com.tngtech.archunit.lang.syntax.ObjectsShouldInternal.check(ObjectsShouldInternal.java:81)
	at com.poc.apistyles.arch.NamingConventionTest.portInterfacesShouldEndWithPort(NamingConventionTest.java:74)
	at java.base/jdk.internal.reflect.DirectMethodHandleAccessor.invoke(DirectMethodHandleAccessor.java:103)
	at java.base/java.lang.reflect.Method.invoke(Method.java:580)
	at org.junit.platform.commons.util.ReflectionUtils.invokeMethod(ReflectionUtils.java:767)
	at org.junit.jupiter.engine.execution.MethodInvocation.proceed(MethodInvocation.java:60)
	at org.junit.jupiter.engine.execution.InvocationInterceptorChain$ValidatingInvocation.proceed(InvocationInterceptorChain.java:131)
	at org.junit.jupiter.engine.extension.TimeoutExtension.intercept(TimeoutExtension.java:156)
	at org.junit.jupiter.engine.extension.TimeoutExtension.interceptTestableMethod(TimeoutExtension.java:147)
	at org.junit.jupiter.engine.extension.TimeoutExtension.interceptTestMethod(TimeoutExtension.java:86)
	at org.junit.jupiter.engine.execution.InterceptingExecutableInvoker$ReflectiveInterceptorCall.lambda$ofVoidMethod$0(InterceptingExecutableInvoker.java:103)
	at org.junit.jupiter.engine.execution.InterceptingExecutableInvoker.lambda$invoke$0(InterceptingExecutableInvoker.java:93)
	at org.junit.jupiter.engine.execution.InvocationInterceptorChain$InterceptedInvocation.proceed(InvocationInterceptorChain.java:106)
	at org.junit.jupiter.engine.execution.InvocationInterceptorChain.proceed(InvocationInterceptorChain.java:64)
	at org.junit.jupiter.engine.execution.InvocationInterceptorChain.chainAndInvoke(InvocationInterceptorChain.java:45)
	at org.junit.jupiter.engine.execution.InvocationInterceptorChain.invoke(InvocationInterceptorChain.java:37)
	at org.junit.jupiter.engine.execution.InterceptingExecutableInvoker.invoke(InterceptingExecutableInvoker.java:92)
	at org.junit.jupiter.engine.execution.InterceptingExecutableInvoker.invoke(InterceptingExecutableInvoker.java:86)
	at org.junit.jupiter.engine.descriptor.TestMethodTestDescriptor.lambda$invokeTestMethod$8(TestMethodTestDescriptor.java:217)
	at org.junit.platform.engine.support.hierarchical.ThrowableCollector.execute(ThrowableCollector.java:73)
	at org.junit.jupiter.engine.descriptor.TestMethodTestDescriptor.invokeTestMethod(TestMethodTestDescriptor.java:213)
	at org.junit.jupiter.engine.descriptor.TestMethodTestDescriptor.execute(TestMethodTestDescriptor.java:138)
	at org.junit.jupiter.engine.descriptor.TestMethodTestDescriptor.execute(TestMethodTestDescriptor.java:68)
	at org.junit.platform.engine.support.hierarchical.NodeTestTask.lambda$executeRecursively$6(NodeTestTask.java:156)
	at org.junit.platform.engine.support.hierarchical.ThrowableCollector.execute(ThrowableCollector.java:73)
	at org.junit.platform.engine.support.hierarchical.NodeTestTask.lambda$executeRecursively$8(NodeTestTask.java:146)
	at org.junit.platform.engine.support.hierarchical.Node.around(Node.java:137)
	at org.junit.platform.engine.support.hierarchical.NodeTestTask.lambda$executeRecursively$9(NodeTestTask.java:144)
	at org.junit.platform.engine.support.hierarchical.ThrowableCollector.execute(ThrowableCollector.java:73)
	at org.junit.platform.engine.support.hierarchical.NodeTestTask.executeRecursively(NodeTestTask.java:143)
	at org.junit.platform.engine.support.hierarchical.NodeTestTask.execute(NodeTestTask.java:100)
	at java.base/java.util.ArrayList.forEach(ArrayList.java:1596)
	at org.junit.platform.engine.support.hierarchical.SameThreadHierarchicalTestExecutorService.invokeAll(SameThreadHierarchicalTestExecutorService.java:41)
	at org.junit.platform.engine.support.hierarchical.NodeTestTask.lambda$executeRecursively$6(NodeTestTask.java:160)
	at org.junit.platform.engine.support.hierarchical.ThrowableCollector.execute(ThrowableCollector.java:73)
	at org.junit.platform.engine.support.hierarchical.NodeTestTask.lambda$executeRecursively$8(NodeTestTask.java:146)
	at org.junit.platform.engine.support.hierarchical.Node.around(Node.java:137)
	at org.junit.platform.engine.support.hierarchical.NodeTestTask.lambda$executeRecursively$9(NodeTestTask.java:144)
	at org.junit.platform.engine.support.hierarchical.ThrowableCollector.execute(ThrowableCollector.java:73)
	at org.junit.platform.engine.support.hierarchical.NodeTestTask.executeRecursively(NodeTestTask.java:143)
	at org.junit.platform.engine.support.hierarchical.NodeTestTask.execute(NodeTestTask.java:100)
	at java.base/java.util.ArrayList.forEach(ArrayList.java:1596)
	at org.junit.platform.engine.support.hierarchical.SameThreadHierarchicalTestExecutorService.invokeAll(SameThreadHierarchicalTestExecutorService.java:41)
	at org.junit.platform.engine.support.hierarchical.NodeTestTask.lambda$executeRecursively$6(NodeTestTask.java:160)
	at org.junit.platform.engine.support.hierarchical.ThrowableCollector.execute(ThrowableCollector.java:73)
	at org.junit.platform.engine.support.hierarchical.NodeTestTask.lambda$executeRecursively$8(NodeTestTask.java:146)
	at org.junit.platform.engine.support.hierarchical.Node.around(Node.java:137)
	at org.junit.platform.engine.support.hierarchical.NodeTestTask.lambda$executeRecursively$9(NodeTestTask.java:144)
	at org.junit.platform.engine.support.hierarchical.ThrowableCollector.execute(ThrowableCollector.java:73)
	at org.junit.platform.engine.support.hierarchical.NodeTestTask.executeRecursively(NodeTestTask.java:143)
	at org.junit.platform.engine.support.hierarchical.NodeTestTask.execute(NodeTestTask.java:100)
	at org.junit.platform.engine.support.hierarchical.SameThreadHierarchicalTestExecutorService.submit(SameThreadHierarchicalTestExecutorService.java:35)
	at org.junit.platform.engine.support.hierarchical.HierarchicalTestExecutor.execute(HierarchicalTestExecutor.java:57)
	at org.junit.platform.engine.support.hierarchical.HierarchicalTestEngine.execute(HierarchicalTestEngine.java:54)
	at org.junit.platform.launcher.core.EngineExecutionOrchestrator.execute(EngineExecutionOrchestrator.java:107)
	at org.junit.platform.launcher.core.EngineExecutionOrchestrator.execute(EngineExecutionOrchestrator.java:88)
	at org.junit.platform.launcher.core.EngineExecutionOrchestrator.lambda$execute$0(EngineExecutionOrchestrator.java:54)
	at org.junit.platform.launcher.core.EngineExecutionOrchestrator.withInterceptedStreams(EngineExecutionOrchestrator.java:67)
	at org.junit.platform.launcher.core.EngineExecutionOrchestrator.execute(EngineExecutionOrchestrator.java:52)
	at org.junit.platform.launcher.core.DefaultLauncher.execute(DefaultLauncher.java:114)
	at org.junit.platform.launcher.core.DefaultLauncher.execute(DefaultLauncher.java:86)
	at org.junit.platform.launcher.core.DefaultLauncherSession$DelegatingLauncher.execute(DefaultLauncherSession.java:86)
	at org.gradle.api.internal.tasks.testing.junitplatform.JUnitPlatformTestClassProcessor$CollectAllTestClassesExecutor.processAllTestClasses(JUnitPlatformTestClassProcessor.java:119)
	at org.gradle.api.internal.tasks.testing.junitplatform.JUnitPlatformTestClassProcessor$CollectAllTestClassesExecutor.access$000(JUnitPlatformTestClassProcessor.java:94)
	at org.gradle.api.internal.tasks.testing.junitplatform.JUnitPlatformTestClassProcessor.stop(JUnitPlatformTestClassProcessor.java:89)
	at org.gradle.api.internal.tasks.testing.SuiteTestClassProcessor.stop(SuiteTestClassProcessor.java:62)
	at java.base/jdk.internal.reflect.DirectMethodHandleAccessor.invoke(DirectMethodHandleAccessor.java:103)
	at java.base/java.lang.reflect.Method.invoke(Method.java:580)
	at org.gradle.internal.dispatch.ReflectionDispatch.dispatch(ReflectionDispatch.java:36)
	at org.gradle.internal.dispatch.ReflectionDispatch.dispatch(ReflectionDispatch.java:24)
	at org.gradle.internal.dispatch.ContextClassLoaderDispatch.dispatch(ContextClassLoaderDispatch.java:33)
	at org.gradle.internal.dispatch.ProxyDispatchAdapter$DispatchingInvocationHandler.invoke(ProxyDispatchAdapter.java:94)
	at jdk.proxy1/jdk.proxy1.$Proxy2.stop(Unknown Source)
	at org.gradle.api.internal.tasks.testing.worker.TestWorker$3.run(TestWorker.java:193)
	at org.gradle.api.internal.tasks.testing.worker.TestWorker.executeAndMaintainThreadName(TestWorker.java:129)
	at org.gradle.api.internal.tasks.testing.worker.TestWorker.execute(TestWorker.java:100)
	at org.gradle.api.internal.tasks.testing.worker.TestWorker.execute(TestWorker.java:60)
	at org.gradle.process.internal.worker.child.ActionExecutionWorker.execute(ActionExecutionWorker.java:56)
	at org.gradle.process.internal.worker.child.SystemApplicationClassLoaderWorker.call(SystemApplicationClassLoaderWorker.java:113)
	at org.gradle.process.internal.worker.child.SystemApplicationClassLoaderWorker.call(SystemApplicationClassLoaderWorker.java:65)
	at worker.org.gradle.process.internal.worker.GradleWorkerMain.run(GradleWorkerMain.java:69)
	at worker.org.gradle.process.internal.worker.GradleWorkerMain.main(GradleWorkerMain.java:74)
</failure>
  </testcase>
  <testcase name="inboundServiceInterfacesShouldBeInInboundPackage()" classname="com.poc.apistyles.arch.NamingConventionTest" time="0.0"/>
  <system-out><![CDATA[]]></system-out>
  <system-err><![CDATA[]]></system-err>
</testsuite>
